1571562184376:help
1571562191370:te
1571562195374:stacktrace
1571562200373:exit
1571562611465:hi
1571562615465:help
1571562875291:lp
1571562881566:exit
1571562894296:exit
1571563181562:help
1571563187559:hello
1571563196564:hello you
1571563203574:hello --name you
1571563229737:help
1571563232733:help hello
1571563244739:hello -n you
1571563248743:hello -n=you
1571563335537:help
1571563343538:exit
1571563484765:help
1571563487711:hello
1571563492668:help
1571563494944:stacktrace
1571563501831:hello Annamari
1571563508065:exit
1571563905336:help
1571563908336:exit
1571563916799:help
1571563920714:help play
1571563932163:play piano2.wav
1571563936375:stacktrace
1571563990650:exit
1571563999348:play piano2.wav
1571564007627:exit
1571564060583:play piano2.wav
1571564086227:exit
1571564098936:play piano2.wav
1571564107934:exit
1571564122419:play piano2.wav
1571564124416:piano2.wav
1571564136426:play piano2.wav
1571564142423:exit
1571566098318:help
1571566100319:exit
1571566111674:help
1571566115086:play piano2.wav
1571566120906:record piano3.wav
1571566127610:stop-record
1571566136366:play piano3.wav
1571566138018:exit
1571566148814:help
1571566152826:play piano2.wav
1571566159827:record
1571566166840:exit
1571566414797:record something.wav
1571566421801:stop-record
1571566697325:record woot.wav
1571566705329:stop-record
1571566783225:record thing.wav
1571566789227:stop-record
1571566891262:record testasd.wav
1571566905298:stop-record
1571566918321:exit
1571567312368:record file.wav
1571571391754:help
1571571399770:record finally.wav
1571571408790:stop-record
1571571534684:help
1571571543708:record annamari.wav
1571571550732:stop-record
1571571554744:play annamari.wav
1571571558756:stacktrace
1571571573775:play annamari.wav
1571571578787:stacktrace
1571571653075:play annamari.wav
1571571751302:play piano2.wav
1571571770531:play annamari.wav
1571571775223:record annamari.wav
1571571780111:stop
1571571785379:play annamari.wav
1571571787979:stacktrace
1571571860828:play annamari.wav
1571571863825:stacktrace
1571571890617:play annamari.wav
1571571974223:exit
1571571999741:record danitesztel.wav
1571572005754:stop
1571572010769:play danitesztel.wav
1571572017789:stacktrace
1571572143439:play piano2.wav
1571572157471:record help.wav
1571572162484:stop
1571572167500:play help.wav
1571572225169:record help.wav
1571572229441:stop
1571572233092:play help.wav
1571572236149:play piano2.wav
1571572281972:play asd
1571572289992:play help.wav
1571572735155:exit
1571574137563:exit
1571580781979:record test.wav
1571580786976:stop
1571580791981:play test.wav
1571580795982:stacktrace
1572000551568:help
1572000557384:record well.wav
1572000564081:stop
1572000569620:play well.wav
1572007895351:help
1572007902345:record test.wav
1572007907342:stop
1572007910347:play test.wav
1572007912344:exit
1572013238469:record
1572013248466:record asdasd.wav
1572013251465:stop
1572013254469:play asdasd.wav
1572013801547:record wooot.wav
1572013807541:stop
1572013811542:stacktrace
1572013866207:record
1572013869204:record asd.wav
1572013872204:stop
1572013876206:play asd.wav
1572013882206:exit
